[debug] [2022-01-29T09:26:51.938Z] ----------------------------------------------------------------------
[debug] [2022-01-29T09:26:51.939Z] Command:       C:\Program Files\nodejs\node.exe C:\Users\mohit\AppData\Roaming\npm\node_modules\firebase-tools\lib\bin\firebase.js emulators:start
[debug] [2022-01-29T09:26:51.940Z] CLI Version:   10.1.2
[debug] [2022-01-29T09:26:51.940Z] Platform:      win32
[debug] [2022-01-29T09:26:51.940Z] Node Version:  v14.18.1
[debug] [2022-01-29T09:26:51.940Z] Time:          Sat Jan 29 2022 14:56:51 GMT+0530 (India Standard Time)
[debug] [2022-01-29T09:26:51.941Z] ----------------------------------------------------------------------
[debug] 
[debug] [2022-01-29T09:26:51.988Z] > command requires scopes: ["email","openid","https://www.googleapis.com/auth/cloudplatformprojects.readonly","https://www.googleapis.com/auth/firebase","https://www.googleapis.com/auth/cloud-platform"]
[debug] [2022-01-29T09:26:51.988Z] > authorizing via signed-in user (mohitofficial182@gmail.com)
[info] i  emulators: Starting emulators: functions, hosting {"metadata":{"emulator":{"name":"hub"},"message":"Starting emulators: functions, hosting"}}
[debug] [2022-01-29T09:26:52.013Z] [hub] writing locator at C:\Users\mohit\AppData\Local\Temp\hub-clone-d2539.json
[warn] !  functions: The following emulators are not running, calls to these services from the Functions emulator will affect production: auth, firestore, database, pubsub, storage {"metadata":{"emulator":{"name":"functions"},"message":"The following emulators are not running, calls to these services from the Functions emulator will affect production: \u001b[1mauth, firestore, database, pubsub, storage\u001b[22m"}}
[warn] !  Your requested "node" version "16" doesn't match your global version "14" {"metadata":{"emulator":{"name":"functions"},"message":"Your requested \"node\" version \"16\" doesn't match your global version \"14\""}}
[debug] [2022-01-29T09:26:52.047Z] defaultcredentials: writing to file C:\Users\mohit\AppData\Roaming\firebase\mohitofficial182_gmail_com_application_default_credentials.json
[debug] [2022-01-29T09:26:52.050Z] Setting GAC to C:\Users\mohit\AppData\Roaming\firebase\mohitofficial182_gmail_com_application_default_credentials.json {"metadata":{"emulator":{"name":"functions"},"message":"Setting GAC to C:\\Users\\mohit\\AppData\\Roaming\\firebase\\mohitofficial182_gmail_com_application_default_credentials.json"}}
[debug] [2022-01-29T09:26:52.053Z] >>> [apiv2][query] GET https://firebase.googleapis.com/v1beta1/projects/clone-d2539/adminSdkConfig [none]
[debug] [2022-01-29T09:26:52.654Z] <<< [apiv2][status] GET https://firebase.googleapis.com/v1beta1/projects/clone-d2539/adminSdkConfig 200
[debug] [2022-01-29T09:26:52.654Z] <<< [apiv2][body] GET https://firebase.googleapis.com/v1beta1/projects/clone-d2539/adminSdkConfig {"projectId":"clone-d2539","storageBucket":"clone-d2539.appspot.com","locationId":"us-central"}
[debug] [2022-01-29T09:26:52.669Z] >>> [apiv2][query] GET https://firebasehosting.googleapis.com/v1beta1/projects/clone-d2539/sites 
[debug] [2022-01-29T09:26:54.722Z] <<< [apiv2][status] GET https://firebasehosting.googleapis.com/v1beta1/projects/clone-d2539/sites 200
[debug] [2022-01-29T09:26:54.723Z] <<< [apiv2][body] GET https://firebasehosting.googleapis.com/v1beta1/projects/clone-d2539/sites {"sites":[{"name":"projects/787997225756/sites/clone-d2539","defaultUrl":"https://clone-d2539.web.app","appId":"1:787997225756:web:18f7c68a12fe0f01bfc0d9","type":"DEFAULT_SITE"}]}
[debug] [2022-01-29T09:26:54.723Z] >>> [apiv2][query] GET https://firebase.googleapis.com/v1beta1/projects/clone-d2539/webApps/1:787997225756:web:18f7c68a12fe0f01bfc0d9/config [none]
[debug] [2022-01-29T09:26:56.190Z] <<< [apiv2][status] GET https://firebase.googleapis.com/v1beta1/projects/clone-d2539/webApps/1:787997225756:web:18f7c68a12fe0f01bfc0d9/config 200
[debug] [2022-01-29T09:26:56.190Z] <<< [apiv2][body] GET https://firebase.googleapis.com/v1beta1/projects/clone-d2539/webApps/1:787997225756:web:18f7c68a12fe0f01bfc0d9/config {"projectId":"clone-d2539","appId":"1:787997225756:web:18f7c68a12fe0f01bfc0d9","storageBucket":"clone-d2539.appspot.com","locationId":"us-central","apiKey":"AIzaSyAN4k4_b-AbwuNkm9jzUhtMRvAwbNrwEJM","authDomain":"clone-d2539.firebaseapp.com","messagingSenderId":"787997225756","measurementId":"G-20M3HM8WE0"}
[info] i  hosting: Serving hosting files from: build {"metadata":{"emulator":{"name":"hosting"},"message":"Serving hosting files from: \u001b[1mbuild\u001b[22m"}}
[info] +  hosting: Local server: http://localhost:5000 {"metadata":{"emulator":{"name":"hosting"},"message":"Local server: \u001b[4m\u001b[1mhttp://localhost:5000\u001b[22m\u001b[24m"}}
[warn] !  ui: Emulator UI unable to start on port 4000, starting on 4001 instead. {"metadata":{"emulator":{"name":"ui"},"message":"Emulator UI unable to start on port 4000, starting on 4001 instead."}}
[debug] [2022-01-29T09:26:56.241Z] Ignoring unsupported arg: auto_download {"metadata":{"emulator":{"name":"ui"},"message":"Ignoring unsupported arg: auto_download"}}
[debug] [2022-01-29T09:26:56.242Z] Ignoring unsupported arg: port {"metadata":{"emulator":{"name":"ui"},"message":"Ignoring unsupported arg: port"}}
[debug] [2022-01-29T09:26:56.242Z] Starting Emulator UI with command {"binary":"node","args":["C:\\Users\\mohit\\.cache\\firebase\\emulators\\ui-v1.6.4\\server.bundle.js"],"optionalArgs":[],"joinArgs":false} {"metadata":{"emulator":{"name":"ui"},"message":"Starting Emulator UI with command {\"binary\":\"node\",\"args\":[\"C:\\\\Users\\\\mohit\\\\.cache\\\\firebase\\\\emulators\\\\ui-v1.6.4\\\\server.bundle.js\"],\"optionalArgs\":[],\"joinArgs\":false}"}}
[info] i  ui: Emulator UI logging to ui-debug.log {"metadata":{"emulator":{"name":"ui"},"message":"Emulator UI logging to \u001b[1mui-debug.log\u001b[22m"}}
[debug] [2022-01-29T09:26:56.347Z] Web / API server started at localhost:4001
 {"metadata":{"emulator":{"name":"ui"},"message":"Web / API server started at localhost:4001\n"}}
[info] i  functions: Watching "D:\development\Projects\amazon-clone\functions" for Cloud Functions... {"metadata":{"emulator":{"name":"functions"},"message":"Watching \"D:\\development\\Projects\\amazon-clone\\functions\" for Cloud Functions..."}}
[debug] [2022-01-29T09:26:56.524Z] [worker-pool] addWorker(~diagnostic~) {"metadata":{"emulator":{"name":"functions"},"message":"[worker-pool] addWorker(~diagnostic~)"}}
[debug] [2022-01-29T09:26:56.525Z] [worker-pool] Adding worker with key ~diagnostic~, total=1 {"metadata":{"emulator":{"name":"functions"},"message":"[worker-pool] Adding worker with key ~diagnostic~, total=1"}}
[debug] [2022-01-29T09:26:56.525Z] [worker-pool] submitWork(triggerId=) {"metadata":{"emulator":{"name":"functions"},"message":"[worker-pool] submitWork(triggerId=)"}}
[debug] [2022-01-29T09:26:56.525Z] [worker-~diagnostic~-829a4a67-dccd-4eee-977c-17f90597132e]: Assigning socketPath: \\?\pipe\D:\development\Projects\amazon-clone\functions\8460 {"metadata":{"emulator":{"name":"functions"},"message":"[worker-~diagnostic~-829a4a67-dccd-4eee-977c-17f90597132e]: Assigning socketPath: \\\\?\\pipe\\D:\\development\\Projects\\amazon-clone\\functions\\8460"}}
[debug] [2022-01-29T09:26:56.526Z] [worker-~diagnostic~-829a4a67-dccd-4eee-977c-17f90597132e]: BUSY {"metadata":{"emulator":{"name":"functions"},"message":"[worker-~diagnostic~-829a4a67-dccd-4eee-977c-17f90597132e]: BUSY"}}
[debug] [2022-01-29T09:26:56.678Z] [runtime-status] [8460] Functions runtime initialized. {"cwd":"D:\\development\\Projects\\amazon-clone\\functions","node_version":"14.18.1"} {"metadata":{"emulator":{"name":"functions"},"message":"[runtime-status] [8460] Functions runtime initialized. {\"cwd\":\"D:\\\\development\\\\Projects\\\\amazon-clone\\\\functions\",\"node_version\":\"14.18.1\"}"}}
[debug] [2022-01-29T09:26:56.678Z] [runtime-status] [8460] Disabled runtime features: undefined {"metadata":{"emulator":{"name":"functions"},"message":"[runtime-status] [8460] Disabled runtime features: undefined"}}
[debug] [2022-01-29T09:26:56.681Z] [runtime-status] [8460] Resolved module firebase-admin {"declared":true,"installed":true,"version":"9.12.0","resolution":"D:\\development\\Projects\\amazon-clone\\functions\\node_modules\\firebase-admin\\lib\\index.js"} {"metadata":{"emulator":{"name":"functions"},"message":"[runtime-status] [8460] Resolved module firebase-admin {\"declared\":true,\"installed\":true,\"version\":\"9.12.0\",\"resolution\":\"D:\\\\development\\\\Projects\\\\amazon-clone\\\\functions\\\\node_modules\\\\firebase-admin\\\\lib\\\\index.js\"}"}}
[debug] [2022-01-29T09:26:56.684Z] [runtime-status] [8460] Resolved module firebase-functions {"declared":true,"installed":true,"version":"3.16.0","resolution":"D:\\development\\Projects\\amazon-clone\\functions\\node_modules\\firebase-functions\\lib\\index.js"} {"metadata":{"emulator":{"name":"functions"},"message":"[runtime-status] [8460] Resolved module firebase-functions {\"declared\":true,\"installed\":true,\"version\":\"3.16.0\",\"resolution\":\"D:\\\\development\\\\Projects\\\\amazon-clone\\\\functions\\\\node_modules\\\\firebase-functions\\\\lib\\\\index.js\"}"}}
[debug] [2022-01-29T09:26:56.686Z] [runtime-status] [8460] Outgoing network have been stubbed. [{"name":"http","status":"mocked"},{"name":"http","status":"mocked"},{"name":"https","status":"mocked"},{"name":"https","status":"mocked"},{"name":"net","status":"mocked"}] {"metadata":{"emulator":{"name":"functions"},"message":"[runtime-status] [8460] Outgoing network have been stubbed. [{\"name\":\"http\",\"status\":\"mocked\"},{\"name\":\"http\",\"status\":\"mocked\"},{\"name\":\"https\",\"status\":\"mocked\"},{\"name\":\"https\",\"status\":\"mocked\"},{\"name\":\"net\",\"status\":\"mocked\"}]"}}
[debug] [2022-01-29T09:26:56.687Z] [runtime-status] [8460] Resolved module firebase-functions {"declared":true,"installed":true,"version":"3.16.0","resolution":"D:\\development\\Projects\\amazon-clone\\functions\\node_modules\\firebase-functions\\lib\\index.js"} {"metadata":{"emulator":{"name":"functions"},"message":"[runtime-status] [8460] Resolved module firebase-functions {\"declared\":true,\"installed\":true,\"version\":\"3.16.0\",\"resolution\":\"D:\\\\development\\\\Projects\\\\amazon-clone\\\\functions\\\\node_modules\\\\firebase-functions\\\\lib\\\\index.js\"}"}}
[debug] [2022-01-29T09:26:56.730Z] [runtime-status] [8460] Checked functions.config() {"config":{}} {"metadata":{"emulator":{"name":"functions"},"message":"[runtime-status] [8460] Checked functions.config() {\"config\":{}}"}}
[debug] [2022-01-29T09:26:56.730Z] [runtime-status] [8460] firebase-functions has been stubbed. {"functionsResolution":{"declared":true,"installed":true,"version":"3.16.0","resolution":"D:\\development\\Projects\\amazon-clone\\functions\\node_modules\\firebase-functions\\lib\\index.js"}} {"metadata":{"emulator":{"name":"functions"},"message":"[runtime-status] [8460] firebase-functions has been stubbed. {\"functionsResolution\":{\"declared\":true,\"installed\":true,\"version\":\"3.16.0\",\"resolution\":\"D:\\\\development\\\\Projects\\\\amazon-clone\\\\functions\\\\node_modules\\\\firebase-functions\\\\lib\\\\index.js\"}}"}}
[debug] [2022-01-29T09:26:56.730Z] [runtime-status] [8460] Resolved module firebase-functions {"declared":true,"installed":true,"version":"3.16.0","resolution":"D:\\development\\Projects\\amazon-clone\\functions\\node_modules\\firebase-functions\\lib\\index.js"} {"metadata":{"emulator":{"name":"functions"},"message":"[runtime-status] [8460] Resolved module firebase-functions {\"declared\":true,\"installed\":true,\"version\":\"3.16.0\",\"resolution\":\"D:\\\\development\\\\Projects\\\\amazon-clone\\\\functions\\\\node_modules\\\\firebase-functions\\\\lib\\\\index.js\"}"}}
[debug] [2022-01-29T09:26:56.733Z] [runtime-status] [8460] Resolved module firebase-admin {"declared":true,"installed":true,"version":"9.12.0","resolution":"D:\\development\\Projects\\amazon-clone\\functions\\node_modules\\firebase-admin\\lib\\index.js"} {"metadata":{"emulator":{"name":"functions"},"message":"[runtime-status] [8460] Resolved module firebase-admin {\"declared\":true,\"installed\":true,\"version\":\"9.12.0\",\"resolution\":\"D:\\\\development\\\\Projects\\\\amazon-clone\\\\functions\\\\node_modules\\\\firebase-admin\\\\lib\\\\index.js\"}"}}
[debug] [2022-01-29T09:26:56.733Z] [runtime-status] [8460] Resolved module firebase-functions {"declared":true,"installed":true,"version":"3.16.0","resolution":"D:\\development\\Projects\\amazon-clone\\functions\\node_modules\\firebase-functions\\lib\\index.js"} {"metadata":{"emulator":{"name":"functions"},"message":"[runtime-status] [8460] Resolved module firebase-functions {\"declared\":true,\"installed\":true,\"version\":\"3.16.0\",\"resolution\":\"D:\\\\development\\\\Projects\\\\amazon-clone\\\\functions\\\\node_modules\\\\firebase-functions\\\\lib\\\\index.js\"}"}}
[debug] [2022-01-29T09:26:56.734Z] [runtime-status] [8460] firebase-admin has been stubbed. {"adminResolution":{"declared":true,"installed":true,"version":"9.12.0","resolution":"D:\\development\\Projects\\amazon-clone\\functions\\node_modules\\firebase-admin\\lib\\index.js"}} {"metadata":{"emulator":{"name":"functions"},"message":"[runtime-status] [8460] firebase-admin has been stubbed. {\"adminResolution\":{\"declared\":true,\"installed\":true,\"version\":\"9.12.0\",\"resolution\":\"D:\\\\development\\\\Projects\\\\amazon-clone\\\\functions\\\\node_modules\\\\firebase-admin\\\\lib\\\\index.js\"}}"}}
[info] +  functions[us-central1-api]: http function initialized (http://localhost:5001/clone-d2539/us-central1/api). {"metadata":{"emulator":{"name":"functions"},"message":"\u001b[1mhttp\u001b[22m function initialized (http://localhost:5001/clone-d2539/us-central1/api)."}}
[info] 
┌─────────────────────────────────────────────────────────────┐
│ ✔  All emulators ready! It is now safe to connect your app. │
│ i  View Emulator UI at http://localhost:4001                │
└─────────────────────────────────────────────────────────────┘

┌───────────┬────────────────┬─────────────────────────────────┐
│ Emulator  │ Host:Port      │ View in Emulator UI             │
├───────────┼────────────────┼─────────────────────────────────┤
│ Functions │ localhost:5001 │ http://localhost:4001/functions │
├───────────┼────────────────┼─────────────────────────────────┤
│ Hosting   │ localhost:5000 │ n/a                             │
└───────────┴────────────────┴─────────────────────────────────┘
  Emulator Hub running at localhost:4400
  Other reserved ports: 4500

Issues? Report them at https://github.com/firebase/firebase-tools/issues and attach the *-debug.log files.
 
[debug] [2022-01-29T09:26:56.868Z] [worker-~diagnostic~-829a4a67-dccd-4eee-977c-17f90597132e]: IDLE {"metadata":{"emulator":{"name":"functions"},"message":"[worker-~diagnostic~-829a4a67-dccd-4eee-977c-17f90597132e]: IDLE"}}
[debug] [2022-01-29T09:36:35.167Z] [work-queue] {"queueLength":1,"workRunningCount":0}
[debug] [2022-01-29T09:36:35.168Z] [work-queue] {"queueLength":0,"workRunningCount":1}
[debug] [2022-01-29T09:36:35.168Z] Accepted request POST /clone-d2539/us-central1/api/payments/create?total=1299900 --> us-central1-api
[debug] [2022-01-29T09:36:35.175Z] [worker-pool] addWorker(us-central1-api) {"metadata":{"emulator":{"name":"functions"},"message":"[worker-pool] addWorker(us-central1-api)"}}
[debug] [2022-01-29T09:36:35.175Z] [worker-pool] Adding worker with key us-central1-api, total=1 {"metadata":{"emulator":{"name":"functions"},"message":"[worker-pool] Adding worker with key us-central1-api, total=1"}}
[debug] [2022-01-29T09:36:35.175Z] [worker-pool] submitWork(triggerId=us-central1-api) {"metadata":{"emulator":{"name":"functions"},"message":"[worker-pool] submitWork(triggerId=us-central1-api)"}}
[debug] [2022-01-29T09:36:35.175Z] [worker-us-central1-api-260d71de-bf8a-4426-a21c-d2ed8b9898b3]: Assigning socketPath: \\?\pipe\D:\development\Projects\amazon-clone\functions\23684 {"metadata":{"emulator":{"name":"functions"},"message":"[worker-us-central1-api-260d71de-bf8a-4426-a21c-d2ed8b9898b3]: Assigning socketPath: \\\\?\\pipe\\D:\\development\\Projects\\amazon-clone\\functions\\23684"}}
[debug] [2022-01-29T09:36:35.175Z] [worker-us-central1-api-260d71de-bf8a-4426-a21c-d2ed8b9898b3]: BUSY {"metadata":{"emulator":{"name":"functions"},"message":"[worker-us-central1-api-260d71de-bf8a-4426-a21c-d2ed8b9898b3]: BUSY"}}
[debug] [2022-01-29T09:36:35.336Z] [runtime-status] [23684] Functions runtime initialized. {"cwd":"D:\\development\\Projects\\amazon-clone\\functions","node_version":"14.18.1"} {"metadata":{"emulator":{"name":"functions"},"function":{"name":"us-central1-api"},"message":"[runtime-status] [23684] Functions runtime initialized. {\"cwd\":\"D:\\\\development\\\\Projects\\\\amazon-clone\\\\functions\",\"node_version\":\"14.18.1\"}"}}
[debug] [2022-01-29T09:36:35.336Z] [runtime-status] [23684] Disabled runtime features: undefined {"metadata":{"emulator":{"name":"functions"},"function":{"name":"us-central1-api"},"message":"[runtime-status] [23684] Disabled runtime features: undefined"}}
[debug] [2022-01-29T09:36:35.339Z] [runtime-status] [23684] Resolved module firebase-admin {"declared":true,"installed":true,"version":"9.12.0","resolution":"D:\\development\\Projects\\amazon-clone\\functions\\node_modules\\firebase-admin\\lib\\index.js"} {"metadata":{"emulator":{"name":"functions"},"function":{"name":"us-central1-api"},"message":"[runtime-status] [23684] Resolved module firebase-admin {\"declared\":true,\"installed\":true,\"version\":\"9.12.0\",\"resolution\":\"D:\\\\development\\\\Projects\\\\amazon-clone\\\\functions\\\\node_modules\\\\firebase-admin\\\\lib\\\\index.js\"}"}}
[debug] [2022-01-29T09:36:35.341Z] [runtime-status] [23684] Resolved module firebase-functions {"declared":true,"installed":true,"version":"3.16.0","resolution":"D:\\development\\Projects\\amazon-clone\\functions\\node_modules\\firebase-functions\\lib\\index.js"} {"metadata":{"emulator":{"name":"functions"},"function":{"name":"us-central1-api"},"message":"[runtime-status] [23684] Resolved module firebase-functions {\"declared\":true,\"installed\":true,\"version\":\"3.16.0\",\"resolution\":\"D:\\\\development\\\\Projects\\\\amazon-clone\\\\functions\\\\node_modules\\\\firebase-functions\\\\lib\\\\index.js\"}"}}
[debug] [2022-01-29T09:36:35.342Z] [runtime-status] [23684] Outgoing network have been stubbed. [{"name":"http","status":"mocked"},{"name":"http","status":"mocked"},{"name":"https","status":"mocked"},{"name":"https","status":"mocked"},{"name":"net","status":"mocked"}] {"metadata":{"emulator":{"name":"functions"},"function":{"name":"us-central1-api"},"message":"[runtime-status] [23684] Outgoing network have been stubbed. [{\"name\":\"http\",\"status\":\"mocked\"},{\"name\":\"http\",\"status\":\"mocked\"},{\"name\":\"https\",\"status\":\"mocked\"},{\"name\":\"https\",\"status\":\"mocked\"},{\"name\":\"net\",\"status\":\"mocked\"}]"}}
[debug] [2022-01-29T09:36:35.343Z] [runtime-status] [23684] Resolved module firebase-functions {"declared":true,"installed":true,"version":"3.16.0","resolution":"D:\\development\\Projects\\amazon-clone\\functions\\node_modules\\firebase-functions\\lib\\index.js"} {"metadata":{"emulator":{"name":"functions"},"function":{"name":"us-central1-api"},"message":"[runtime-status] [23684] Resolved module firebase-functions {\"declared\":true,\"installed\":true,\"version\":\"3.16.0\",\"resolution\":\"D:\\\\development\\\\Projects\\\\amazon-clone\\\\functions\\\\node_modules\\\\firebase-functions\\\\lib\\\\index.js\"}"}}
[debug] [2022-01-29T09:36:35.387Z] [runtime-status] [23684] Checked functions.config() {"config":{}} {"metadata":{"emulator":{"name":"functions"},"function":{"name":"us-central1-api"},"message":"[runtime-status] [23684] Checked functions.config() {\"config\":{}}"}}
[debug] [2022-01-29T09:36:35.387Z] [runtime-status] [23684] firebase-functions has been stubbed. {"functionsResolution":{"declared":true,"installed":true,"version":"3.16.0","resolution":"D:\\development\\Projects\\amazon-clone\\functions\\node_modules\\firebase-functions\\lib\\index.js"}} {"metadata":{"emulator":{"name":"functions"},"function":{"name":"us-central1-api"},"message":"[runtime-status] [23684] firebase-functions has been stubbed. {\"functionsResolution\":{\"declared\":true,\"installed\":true,\"version\":\"3.16.0\",\"resolution\":\"D:\\\\development\\\\Projects\\\\amazon-clone\\\\functions\\\\node_modules\\\\firebase-functions\\\\lib\\\\index.js\"}}"}}
[debug] [2022-01-29T09:36:35.387Z] [runtime-status] [23684] Resolved module firebase-functions {"declared":true,"installed":true,"version":"3.16.0","resolution":"D:\\development\\Projects\\amazon-clone\\functions\\node_modules\\firebase-functions\\lib\\index.js"} {"metadata":{"emulator":{"name":"functions"},"function":{"name":"us-central1-api"},"message":"[runtime-status] [23684] Resolved module firebase-functions {\"declared\":true,\"installed\":true,\"version\":\"3.16.0\",\"resolution\":\"D:\\\\development\\\\Projects\\\\amazon-clone\\\\functions\\\\node_modules\\\\firebase-functions\\\\lib\\\\index.js\"}"}}
[debug] [2022-01-29T09:36:35.388Z] [runtime-status] [23684] Resolved module firebase-admin {"declared":true,"installed":true,"version":"9.12.0","resolution":"D:\\development\\Projects\\amazon-clone\\functions\\node_modules\\firebase-admin\\lib\\index.js"} {"metadata":{"emulator":{"name":"functions"},"function":{"name":"us-central1-api"},"message":"[runtime-status] [23684] Resolved module firebase-admin {\"declared\":true,\"installed\":true,\"version\":\"9.12.0\",\"resolution\":\"D:\\\\development\\\\Projects\\\\amazon-clone\\\\functions\\\\node_modules\\\\firebase-admin\\\\lib\\\\index.js\"}"}}
[debug] [2022-01-29T09:36:35.389Z] [runtime-status] [23684] Resolved module firebase-functions {"declared":true,"installed":true,"version":"3.16.0","resolution":"D:\\development\\Projects\\amazon-clone\\functions\\node_modules\\firebase-functions\\lib\\index.js"} {"metadata":{"emulator":{"name":"functions"},"function":{"name":"us-central1-api"},"message":"[runtime-status] [23684] Resolved module firebase-functions {\"declared\":true,\"installed\":true,\"version\":\"3.16.0\",\"resolution\":\"D:\\\\development\\\\Projects\\\\amazon-clone\\\\functions\\\\node_modules\\\\firebase-functions\\\\lib\\\\index.js\"}"}}
[debug] [2022-01-29T09:36:35.389Z] [runtime-status] [23684] firebase-admin has been stubbed. {"adminResolution":{"declared":true,"installed":true,"version":"9.12.0","resolution":"D:\\development\\Projects\\amazon-clone\\functions\\node_modules\\firebase-admin\\lib\\index.js"}} {"metadata":{"emulator":{"name":"functions"},"function":{"name":"us-central1-api"},"message":"[runtime-status] [23684] firebase-admin has been stubbed. {\"adminResolution\":{\"declared\":true,\"installed\":true,\"version\":\"9.12.0\",\"resolution\":\"D:\\\\development\\\\Projects\\\\amazon-clone\\\\functions\\\\node_modules\\\\firebase-admin\\\\lib\\\\index.js\"}}"}}
[debug] [2022-01-29T09:36:35.508Z] [runtime-status] [23684] Trigger "us-central1-api" has been found, beginning invocation! {"metadata":{"emulator":{"name":"functions"},"function":{"name":"us-central1-api"},"message":"[runtime-status] [23684] Trigger \"us-central1-api\" has been found, beginning invocation!"}}
[info] i  functions: Beginning execution of "us-central1-api" {"metadata":{"emulator":{"name":"functions"},"function":{"name":"us-central1-api"},"message":"Beginning execution of \"us-central1-api\""}}
[debug] [2022-01-29T09:36:35.509Z] [runtime-status] [23684] triggerDefinition {"httpsTrigger":{},"name":"api","entryPoint":"api","regions":["us-central1"],"region":"us-central1","id":"us-central1-api","platform":"gcfv1"} {"metadata":{"emulator":{"name":"functions"},"function":{"name":"us-central1-api"},"message":"[runtime-status] [23684] triggerDefinition {\"httpsTrigger\":{},\"name\":\"api\",\"entryPoint\":\"api\",\"regions\":[\"us-central1\"],\"region\":\"us-central1\",\"id\":\"us-central1-api\",\"platform\":\"gcfv1\"}"}}
[debug] [2022-01-29T09:36:35.509Z] [runtime-status] [23684] Running us-central1-api in signature http {"metadata":{"emulator":{"name":"functions"},"function":{"name":"us-central1-api"},"message":"[runtime-status] [23684] Running us-central1-api in signature http"}}
[debug] [2022-01-29T09:36:35.511Z] [runtime-status] [23684] Attempting to listen to socketPath: \\?\pipe\D:\development\Projects\amazon-clone\functions\23684 {"metadata":{"emulator":{"name":"functions"},"function":{"name":"us-central1-api"},"message":"[runtime-status] [23684] Attempting to listen to socketPath: \\\\?\\pipe\\D:\\development\\Projects\\amazon-clone\\functions\\23684"}}
[debug] [2022-01-29T09:36:35.515Z] [functions] Runtime ready! Sending request! {"metadata":{"emulator":{"name":"functions"},"message":"[functions] Runtime ready! Sending request!"}}
[debug] [2022-01-29T09:36:35.517Z] [functions] Got req.url=/clone-d2539/us-central1/api/payments/create?total=1299900, mapping to path=/payments/create?total=1299900 {"metadata":{"emulator":{"name":"functions"},"message":"[functions] Got req.url=/clone-d2539/us-central1/api/payments/create?total=1299900, mapping to path=/payments/create?total=1299900"}}
[debug] [2022-01-29T09:36:35.526Z] [runtime-status] [23684] Ephemeral server handling POST request {"metadata":{"emulator":{"name":"functions"},"function":{"name":"us-central1-api"},"message":"[runtime-status] [23684] Ephemeral server handling POST request"}}
[info] >  Paymnet Request Recieved , amount>>> 1299900 {"user":"Paymnet Request Recieved , amount>>> 1299900","metadata":{"emulator":{"name":"functions"},"function":{"name":"us-central1-api"},"message":"\u001b[90m> \u001b[39m Paymnet Request Recieved , amount>>> 1299900"}}
[debug] [2022-01-29T09:36:35.537Z] [runtime-status] [23684] Ephemeral server survived. {"metadata":{"emulator":{"name":"functions"},"function":{"name":"us-central1-api"},"message":"[runtime-status] [23684] Ephemeral server survived."}}
[info] i  functions: Finished "us-central1-api" in ~1s {"metadata":{"emulator":{"name":"functions"},"function":{"name":"us-central1-api"},"message":"Finished \"us-central1-api\" in ~1s"}}
[debug] [2022-01-29T09:36:36.720Z] [worker-us-central1-api-260d71de-bf8a-4426-a21c-d2ed8b9898b3]: IDLE {"metadata":{"emulator":{"name":"functions"},"message":"[worker-us-central1-api-260d71de-bf8a-4426-a21c-d2ed8b9898b3]: IDLE"}}
[debug] [2022-01-29T09:36:36.721Z] [work-queue] {"queueLength":0,"workRunningCount":0}
[debug] [2022-01-29T09:36:56.681Z] [work-queue] {"queueLength":1,"workRunningCount":0}
[debug] [2022-01-29T09:36:56.682Z] [work-queue] {"queueLength":0,"workRunningCount":1}
[debug] [2022-01-29T09:36:56.682Z] Accepted request POST /clone-d2539/us-central1/api/payments/create?total=0 --> us-central1-api
[debug] [2022-01-29T09:36:56.682Z] [worker-pool] submitWork(triggerId=us-central1-api) {"metadata":{"emulator":{"name":"functions"},"message":"[worker-pool] submitWork(triggerId=us-central1-api)"}}
[debug] [2022-01-29T09:36:56.682Z] [worker-us-central1-api-260d71de-bf8a-4426-a21c-d2ed8b9898b3]: Assigning socketPath: \\?\pipe\D:\development\Projects\amazon-clone\functions\23684 {"metadata":{"emulator":{"name":"functions"},"message":"[worker-us-central1-api-260d71de-bf8a-4426-a21c-d2ed8b9898b3]: Assigning socketPath: \\\\?\\pipe\\D:\\development\\Projects\\amazon-clone\\functions\\23684"}}
[debug] [2022-01-29T09:36:56.683Z] [worker-us-central1-api-260d71de-bf8a-4426-a21c-d2ed8b9898b3]: BUSY {"metadata":{"emulator":{"name":"functions"},"message":"[worker-us-central1-api-260d71de-bf8a-4426-a21c-d2ed8b9898b3]: BUSY"}}
[debug] [2022-01-29T09:36:56.683Z] [runtime-status] [23684] Trigger "us-central1-api" has been found, beginning invocation! {"metadata":{"emulator":{"name":"functions"},"function":{"name":"us-central1-api"},"message":"[runtime-status] [23684] Trigger \"us-central1-api\" has been found, beginning invocation!"}}
[info] i  functions: Beginning execution of "us-central1-api" {"metadata":{"emulator":{"name":"functions"},"function":{"name":"us-central1-api"},"message":"Beginning execution of \"us-central1-api\""}}
[debug] [2022-01-29T09:36:56.685Z] [runtime-status] [23684] triggerDefinition {"httpsTrigger":{},"name":"api","entryPoint":"api","regions":["us-central1"],"region":"us-central1","id":"us-central1-api","platform":"gcfv1"} {"metadata":{"emulator":{"name":"functions"},"function":{"name":"us-central1-api"},"message":"[runtime-status] [23684] triggerDefinition {\"httpsTrigger\":{},\"name\":\"api\",\"entryPoint\":\"api\",\"regions\":[\"us-central1\"],\"region\":\"us-central1\",\"id\":\"us-central1-api\",\"platform\":\"gcfv1\"}"}}
[debug] [2022-01-29T09:36:56.685Z] [runtime-status] [23684] Running us-central1-api in signature http {"metadata":{"emulator":{"name":"functions"},"function":{"name":"us-central1-api"},"message":"[runtime-status] [23684] Running us-central1-api in signature http"}}
[debug] [2022-01-29T09:36:56.685Z] [runtime-status] [23684] Attempting to listen to socketPath: \\?\pipe\D:\development\Projects\amazon-clone\functions\23684 {"metadata":{"emulator":{"name":"functions"},"function":{"name":"us-central1-api"},"message":"[runtime-status] [23684] Attempting to listen to socketPath: \\\\?\\pipe\\D:\\development\\Projects\\amazon-clone\\functions\\23684"}}
[debug] [2022-01-29T09:36:56.688Z] [functions] Runtime ready! Sending request! {"metadata":{"emulator":{"name":"functions"},"message":"[functions] Runtime ready! Sending request!"}}
[debug] [2022-01-29T09:36:56.688Z] [functions] Got req.url=/clone-d2539/us-central1/api/payments/create?total=0, mapping to path=/payments/create?total=0 {"metadata":{"emulator":{"name":"functions"},"message":"[functions] Got req.url=/clone-d2539/us-central1/api/payments/create?total=0, mapping to path=/payments/create?total=0"}}
[debug] [2022-01-29T09:36:56.692Z] [runtime-status] [23684] Ephemeral server handling POST request {"metadata":{"emulator":{"name":"functions"},"function":{"name":"us-central1-api"},"message":"[runtime-status] [23684] Ephemeral server handling POST request"}}
[info] >  Paymnet Request Recieved , amount>>> 0 {"user":"Paymnet Request Recieved , amount>>> 0","metadata":{"emulator":{"name":"functions"},"function":{"name":"us-central1-api"},"message":"\u001b[90m> \u001b[39m Paymnet Request Recieved , amount>>> 0"}}
[debug] [2022-01-29T09:36:56.694Z] [runtime-status] [23684] Ephemeral server survived. {"metadata":{"emulator":{"name":"functions"},"function":{"name":"us-central1-api"},"message":"[runtime-status] [23684] Ephemeral server survived."}}
[info] >  (node:23684) UnhandledPromiseRejectionWarning: Error: This value must be greater than or equal to 1. {"user":"(node:23684) UnhandledPromiseRejectionWarning: Error: This value must be greater than or equal to 1.","metadata":{"emulator":{"name":"functions"},"function":{"name":"us-central1-api"},"message":"\u001b[90m> \u001b[39m (node:23684) UnhandledPromiseRejectionWarning: Error: This value must be greater than or equal to 1."}}
[info] >      at Function.generate (D:\development\Projects\amazon-clone\functions\node_modules\stripe\lib\Error.js:40:16) {"user":"    at Function.generate (D:\\development\\Projects\\amazon-clone\\functions\\node_modules\\stripe\\lib\\Error.js:40:16)","metadata":{"emulator":{"name":"functions"},"function":{"name":"us-central1-api"},"message":"\u001b[90m> \u001b[39m     at Function.generate (D:\\development\\Projects\\amazon-clone\\functions\\node_modules\\stripe\\lib\\Error.js:40:16)"}}
[info] >      at res.toJSON.then.StripeAPIError.message (D:\development\Projects\amazon-clone\functions\node_modules\stripe\lib\StripeResource.js:220:35) {"user":"    at res.toJSON.then.StripeAPIError.message (D:\\development\\Projects\\amazon-clone\\functions\\node_modules\\stripe\\lib\\StripeResource.js:220:35)","metadata":{"emulator":{"name":"functions"},"function":{"name":"us-central1-api"},"message":"\u001b[90m> \u001b[39m     at res.toJSON.then.StripeAPIError.message (D:\\development\\Projects\\amazon-clone\\functions\\node_modules\\stripe\\lib\\StripeResource.js:220:35)"}}
[info] >      at processTicksAndRejections (internal/process/task_queues.js:95:5) {"user":"    at processTicksAndRejections (internal/process/task_queues.js:95:5)","metadata":{"emulator":{"name":"functions"},"function":{"name":"us-central1-api"},"message":"\u001b[90m> \u001b[39m     at processTicksAndRejections (internal/process/task_queues.js:95:5)"}}
[info] >  (Use `node --trace-warnings ...` to show where the warning was created) {"user":"(Use `node --trace-warnings ...` to show where the warning was created)","metadata":{"emulator":{"name":"functions"},"function":{"name":"us-central1-api"},"message":"\u001b[90m> \u001b[39m (Use `node --trace-warnings ...` to show where the warning was created)"}}
[info] >  (node:23684) UnhandledPromiseRejectionWarning: Unhandled promise rejection. This error originated either by throwing inside of an async function without a catch block, or by rejecting a promise which was not handled with .catch(). To terminate the node process on unhandled promise rejection, use the CLI flag `--unhandled-rejections=strict` (see https://nodejs.org/api/cli.html#cli_unhandled_rejections_mode). (rejection id: 1) {"user":"(node:23684) UnhandledPromiseRejectionWarning: Unhandled promise rejection. This error originated either by throwing inside of an async function without a catch block, or by rejecting a promise which was not handled with .catch(). To terminate the node process on unhandled promise rejection, use the CLI flag `--unhandled-rejections=strict` (see https://nodejs.org/api/cli.html#cli_unhandled_rejections_mode). (rejection id: 1)","metadata":{"emulator":{"name":"functions"},"function":{"name":"us-central1-api"},"message":"\u001b[90m> \u001b[39m (node:23684) UnhandledPromiseRejectionWarning: Unhandled promise rejection. This error originated either by throwing inside of an async function without a catch block, or by rejecting a promise which was not handled with .catch(). To terminate the node process on unhandled promise rejection, use the CLI flag `--unhandled-rejections=strict` (see https://nodejs.org/api/cli.html#cli_unhandled_rejections_mode). (rejection id: 1)"}}
[info] >  (node:23684) [DEP0018] DeprecationWarning: Unhandled promise rejections are deprecated. In the future, promise rejections that are not handled will terminate the Node.js process with a non-zero exit code. {"user":"(node:23684) [DEP0018] DeprecationWarning: Unhandled promise rejections are deprecated. In the future, promise rejections that are not handled will terminate the Node.js process with a non-zero exit code.","metadata":{"emulator":{"name":"functions"},"function":{"name":"us-central1-api"},"message":"\u001b[90m> \u001b[39m (node:23684) [DEP0018] DeprecationWarning: Unhandled promise rejections are deprecated. In the future, promise rejections that are not handled will terminate the Node.js process with a non-zero exit code."}}
[warn] !  functions: Your function timed out after ~60s. To configure this timeout, see
      https://firebase.google.com/docs/functions/manage-functions#set_timeout_and_memory_allocation. {"metadata":{"emulator":{"name":"functions"},"function":{"name":"us-central1-api"},"message":"Your function timed out after ~60s. To configure this timeout, see\n      https://firebase.google.com/docs/functions/manage-functions#set_timeout_and_memory_allocation."}}
[info] >  C:\Users\mohit\AppData\Roaming\npm\node_modules\firebase-tools\lib\emulator\functionsEmulatorRuntime.js:618 {"user":"C:\\Users\\mohit\\AppData\\Roaming\\npm\\node_modules\\firebase-tools\\lib\\emulator\\functionsEmulatorRuntime.js:618\r","metadata":{"emulator":{"name":"functions"},"function":{"name":"us-central1-api"},"message":"\u001b[90m> \u001b[39m C:\\Users\\mohit\\AppData\\Roaming\\npm\\node_modules\\firebase-tools\\lib\\emulator\\functionsEmulatorRuntime.js:618\r"}}
[info] >              throw new Error("Function timed out."); {"user":"            throw new Error(\"Function timed out.\");\r","metadata":{"emulator":{"name":"functions"},"function":{"name":"us-central1-api"},"message":"\u001b[90m> \u001b[39m             throw new Error(\"Function timed out.\");\r"}}
[info] >              ^ {"user":"            ^\r","metadata":{"emulator":{"name":"functions"},"function":{"name":"us-central1-api"},"message":"\u001b[90m> \u001b[39m             ^\r"}}
[info] >   {"user":"\r","metadata":{"emulator":{"name":"functions"},"function":{"name":"us-central1-api"},"message":"\u001b[90m> \u001b[39m \r"}}
[info] >  Error: Function timed out. {"user":"Error: Function timed out.\r","metadata":{"emulator":{"name":"functions"},"function":{"name":"us-central1-api"},"message":"\u001b[90m> \u001b[39m Error: Function timed out.\r"}}
[info] >      at Timeout._onTimeout (C:\Users\mohit\AppData\Roaming\npm\node_modules\firebase-tools\lib\emulator\functionsEmulatorRuntime.js:618:19) {"user":"    at Timeout._onTimeout (C:\\Users\\mohit\\AppData\\Roaming\\npm\\node_modules\\firebase-tools\\lib\\emulator\\functionsEmulatorRuntime.js:618:19)\r","metadata":{"emulator":{"name":"functions"},"function":{"name":"us-central1-api"},"message":"\u001b[90m> \u001b[39m     at Timeout._onTimeout (C:\\Users\\mohit\\AppData\\Roaming\\npm\\node_modules\\firebase-tools\\lib\\emulator\\functionsEmulatorRuntime.js:618:19)\r"}}
[info] >      at listOnTimeout (internal/timers.js:557:17) {"user":"    at listOnTimeout (internal/timers.js:557:17)\r","metadata":{"emulator":{"name":"functions"},"function":{"name":"us-central1-api"},"message":"\u001b[90m> \u001b[39m     at listOnTimeout (internal/timers.js:557:17)\r"}}
[info] >      at processTimers (internal/timers.js:500:7) {"user":"    at processTimers (internal/timers.js:500:7)\r","metadata":{"emulator":{"name":"functions"},"function":{"name":"us-central1-api"},"message":"\u001b[90m> \u001b[39m     at processTimers (internal/timers.js:500:7)\r"}}
[debug] [2022-01-29T09:37:56.705Z] [worker-us-central1-api-260d71de-bf8a-4426-a21c-d2ed8b9898b3]: exited {"metadata":{"emulator":{"name":"functions"},"message":"[worker-us-central1-api-260d71de-bf8a-4426-a21c-d2ed8b9898b3]: exited"}}
[debug] [2022-01-29T09:37:56.706Z] [worker-us-central1-api-260d71de-bf8a-4426-a21c-d2ed8b9898b3]: FINISHED {"metadata":{"emulator":{"name":"functions"},"message":"[worker-us-central1-api-260d71de-bf8a-4426-a21c-d2ed8b9898b3]: FINISHED"}}
[debug] [2022-01-29T09:37:56.706Z] [work-queue] {"queueLength":0,"workRunningCount":0}
